[debug] [2025-03-08T07:50:08.201Z] ----------------------------------------------------------------------
[debug] [2025-03-08T07:50:08.205Z] Command:       C:\Program Files\nodejs\node.exe C:\Users\d4n13\AppData\Roaming\npm\node_modules\firebase-tools\lib\bin\firebase.js init
[debug] [2025-03-08T07:50:08.205Z] CLI Version:   13.33.0
[debug] [2025-03-08T07:50:08.205Z] Platform:      win32
[debug] [2025-03-08T07:50:08.205Z] Node Version:  v20.10.0
[debug] [2025-03-08T07:50:08.205Z] Time:          Sat Mar 08 2025 02:50:08 GMT-0500 (hora estándar de Perú)
[debug] [2025-03-08T07:50:08.206Z] ----------------------------------------------------------------------
[debug] 
[debug] [2025-03-08T07:50:08.432Z] > command requires scopes: ["email","openid","https://www.googleapis.com/auth/cloudplatformprojects.readonly","https://www.googleapis.com/auth/firebase","https://www.googleapis.com/auth/cloud-platform"]
[debug] [2025-03-08T07:50:08.433Z] > authorizing via signed-in user (danielmaster425@gmail.com)
[info] 
     ######## #### ########  ######## ########     ###     ######  ########
     ##        ##  ##     ## ##       ##     ##  ##   ##  ##       ##
     ######    ##  ########  ######   ########  #########  ######  ######
     ##        ##  ##    ##  ##       ##     ## ##     ##       ## ##
     ##       #### ##     ## ######## ########  ##     ##  ######  ########

You're about to initialize a Firebase project in this directory:

  C:\Users\d4n13\OneDrive\Documentos\Visual Code Projects\Angular Projects\credi_project

Before we get started, keep in mind:

  * You are initializing within an existing Firebase project directory

[info] 
=== Project Setup
[info] 
[info] First, let's associate this project directory with a Firebase project.
[info] You can create multiple project aliases by running firebase use --add, 
[info] but for now we'll just set up a default project.
[info] 
[debug] [2025-03-08T07:50:36.868Z] Using project from CLI flag: recupera-sos
[debug] [2025-03-08T07:50:36.870Z] Checked if tokens are valid: false, expires at: 1721444768146
[debug] [2025-03-08T07:50:36.872Z] Checked if tokens are valid: false, expires at: 1721444768146
[debug] [2025-03-08T07:50:36.873Z] > refreshing access token with scopes: []
[debug] [2025-03-08T07:50:36.876Z] >>> [apiv2][query] POST https://www.googleapis.com/oauth2/v3/token [none]
[debug] [2025-03-08T07:50:36.876Z] >>> [apiv2][body] POST https://www.googleapis.com/oauth2/v3/token [omitted]
[debug] [2025-03-08T07:50:37.123Z] <<< [apiv2][status] POST https://www.googleapis.com/oauth2/v3/token 400
[debug] [2025-03-08T07:50:37.124Z] <<< [apiv2][body] POST https://www.googleapis.com/oauth2/v3/token [omitted]
[debug] [2025-03-08T07:50:37.124Z] >>> [apiv2][query] GET https://firebase.googleapis.com/v1beta1/projects/recupera-sos [none]
[debug] [2025-03-08T07:50:37.301Z] <<< [apiv2][status] GET https://firebase.googleapis.com/v1beta1/projects/recupera-sos 401
[debug] [2025-03-08T07:50:37.301Z] <<< [apiv2][body] GET https://firebase.googleapis.com/v1beta1/projects/recupera-sos {"error":{"code":401,"message":"Request had invalid authentication credentials. Expected OAuth 2 access token, login cookie or other valid authentication credential. See https://developers.google.com/identity/sign-in/web/devconsole-project.","status":"UNAUTHENTICATED"}}
[debug] [2025-03-08T07:50:37.301Z] Got a 401 Unauthenticated error for a call that required authentication. Refreshing tokens.
[debug] [2025-03-08T07:50:37.301Z] Checked if tokens are valid: false, expires at: 1721444768146
[debug] [2025-03-08T07:50:37.301Z] Checked if tokens are valid: false, expires at: 1721444768146
[debug] [2025-03-08T07:50:37.301Z] > refreshing access token with scopes: []
[debug] [2025-03-08T07:50:37.302Z] >>> [apiv2][query] POST https://www.googleapis.com/oauth2/v3/token [none]
[debug] [2025-03-08T07:50:37.302Z] >>> [apiv2][body] POST https://www.googleapis.com/oauth2/v3/token [omitted]
[debug] [2025-03-08T07:50:37.358Z] <<< [apiv2][status] POST https://www.googleapis.com/oauth2/v3/token 400
[debug] [2025-03-08T07:50:37.358Z] <<< [apiv2][body] POST https://www.googleapis.com/oauth2/v3/token [omitted]
[debug] [2025-03-08T07:50:37.359Z] Request to https://firebase.googleapis.com/v1beta1/projects/recupera-sos had HTTP Error: 401, Request had invalid authentication credentials. Expected OAuth 2 access token, login cookie or other valid authentication credential. See https://developers.google.com/identity/sign-in/web/devconsole-project.
[debug] [2025-03-08T07:50:37.360Z] FirebaseError: Request to https://firebase.googleapis.com/v1beta1/projects/recupera-sos had HTTP Error: 401, Request had invalid authentication credentials. Expected OAuth 2 access token, login cookie or other valid authentication credential. See https://developers.google.com/identity/sign-in/web/devconsole-project.
    at responseToError (C:\Users\d4n13\AppData\Roaming\npm\node_modules\firebase-tools\lib\responseToError.js:52:12)
    at RetryOperation._fn (C:\Users\d4n13\AppData\Roaming\npm\node_modules\firebase-tools\lib\apiv2.js:312:77)
    at process.processTicksAndRejections (node:internal/process/task_queues:95:5)
[error] 
[error] Error: Failed to get Firebase project recupera-sos. Please make sure the project exists and your account has permission to access it.
